<?xml version="1.0" encoding="UTF-8"?>
<testsuite name="com.training.springcore.service.measure.FixedMeasureServiceTest" tests="2" skipped="0" failures="0" errors="0" timestamp="2019-06-06T10:37:41" hostname="DESKTOP-LHAMLJH" time="0.039">
  <properties/>
  <testcase name="readMeasuresThrowsExceptionWhenArgIsNull" classname="com.training.springcore.service.measure.FixedMeasureServiceTest" time="0.032"/>
  <testcase name="readMeasures" classname="com.training.springcore.service.measure.FixedMeasureServiceTest" time="0.007"/>
  <system-out><![CDATA[]]></system-out>
  <system-err><![CDATA[juin 06, 2019 12:37:40 PM org.springframework.test.context.support.AbstractTestContextBootstrapper getDefaultTestExecutionListenerClassNames
INFOS: Loaded default TestExecutionListener class names from location [META-INF/spring.factories]: [org.springframework.test.context.web.ServletTestExecutionListener, org.springframework.test.context.support.DirtiesContextBeforeModesTestExecutionListener, org.springframework.test.context.support.DependencyInjectionTestExecutionListener, org.springframework.test.context.support.DirtiesContextTestExecutionListener, org.springframework.test.context.transaction.TransactionalTestExecutionListener, org.springframework.test.context.jdbc.SqlScriptsTestExecutionListener]
juin 06, 2019 12:37:40 PM org.springframework.test.context.support.AbstractTestContextBootstrapper getTestExecutionListeners
INFOS: Using TestExecutionListeners: [org.springframework.test.context.support.DirtiesContextBeforeModesTestExecutionListener@44473b73, org.springframework.test.context.support.DependencyInjectionTestExecutionListener@a5ac1bb, org.springframework.test.context.support.DirtiesContextTestExecutionListener@6443038e]
]]></system-err>
</testsuite>
